<?xml version="1.0" encoding="UTF-8"?>
<!-- Generated by org.testng.reporters.JUnitReportReporter -->
<testsuite hostname="LAPTOP-LE5SPD4L" failures="0" tests="1" name="com.crrm.Contact.CreateContactTest" time="57.014" errors="0" timestamp="2022-06-23T15:28:18 IST" skipped="0">
  <testcase classname="com.crrm.Contact.CreateContactTest" name="CreateContactTest1" time="57.014"/>
  <system-out/>
</testsuite> <!-- com.crrm.Contact.CreateContactTest -->
